[ 5][low][ToDo] Introduce logging
[20][low][ToDo] Increase difference soldiers
[21][low][ToDo] Add powerps (eg. magnet for stones)
[22][low][ToDo] Add +1 sprite on stone taken
[24][mid][ToDo] Add music and sounds
--------------------------------------------------------------------------------
[ 1][low][Done] Fix bullet despawn
[ 2][low][Done] Fix Pool
[ 3][mid][Done] Improve game manager
[ 4][mid][Done] Create Pool manager
[ 6][mid][Done] Fix bonus management
[ 7][mid][Done] Larger road, farther camera
[ 8][hig][Done] Remove coin system
[ 9][hig][Done] Add soldier automerge
[10][mid][Done] Refactor soldier
[11][mid][Done] Remove merge bonus
[12][mid][Done] Make player soldiers stay in a cluster
[13][mid][Done] Redesign bonus spawn
[14][mid][Done] Full color soldier (child game objects)
[15][hig][Done] Improve UI + wall
[16][mid][Done] Design powerups
[17][hig][Done] Improve waves and player army (ArmyManager?)
[18][hig][Done] Remove UI on soldiers (show health and level graphically)
[19][hig][Done] Slow down game speed
[23][low][Done] Add stats for single gameplay
[25][mid][Done] Add settings (eg. sound volume)
